=== INICIO ANÁLISIS SECUENCIAL: 2026-05-27_09-25-41 ===
Directorio base: /Users/hugoonaindia/Desktop/Proyectos
Total de proyectos: 10

=== ANALIZANDO PROYECTO: equilibria ===
Ruta: /Users/hugoonaindia/Desktop/Proyectos/equilibria
Tiempo: miércoles, 27 de mayo de 2026, 09:25:41 CEST
✅ ANÁLISIS COMPLETADO: equilibria

⏱️  Esperando 5 segundos antes del siguiente proyecto...
=== ANALIZANDO PROYECTO: LSTM RL ===
Ruta: /Users/hugoonaindia/Desktop/Proyectos/LSTM RL
Tiempo: miércoles, 27 de mayo de 2026, 09:25:48 CEST
✅ ANÁLISIS COMPLETADO: LSTM RL

⏱️  Esperando 5 segundos antes del siguiente proyecto...
=== ANALIZANDO PROYECTO: psych-billing-app ===
Ruta: /Users/hugoonaindia/Desktop/Proyectos/psych-billing-app
Tiempo: miércoles, 27 de mayo de 2026, 09:25:56 CEST
✅ ANÁLISIS COMPLETADO: psych-billing-app

⏱️  Esperando 5 segundos antes del siguiente proyecto...
=== ANALIZANDO PROYECTO: Trader LSTM ===
Ruta: /Users/hugoonaindia/Desktop/Proyectos/Trader LSTM
Tiempo: miércoles, 27 de mayo de 2026, 09:26:06 CEST
