=== INICIO ANÁLISIS SECUENCIAL: 2026-05-27_09-32-56 ===
Directorio base: /Users/hugoonaindia/Desktop/Proyectos
Total de proyectos: 10

=== ANALIZANDO PROYECTO: equilibria ===
Ruta: /Users/hugoonaindia/Desktop/Proyectos/equilibria
Tiempo: miércoles, 27 de mayo de 2026, 09:32:56 CEST
❌ ANÁLISIS FALLIDO: equilibria

⏱️  Esperando 3 segundos antes del siguiente proyecto...
=== ANALIZANDO PROYECTO: LSTM RL ===
Ruta: /Users/hugoonaindia/Desktop/Proyectos/LSTM RL
Tiempo: miércoles, 27 de mayo de 2026, 09:33:00 CEST
❌ ANÁLISIS FALLIDO: LSTM RL

⏱️  Esperando 3 segundos antes del siguiente proyecto...
=== ANALIZANDO PROYECTO: psych-billing-app ===
Ruta: /Users/hugoonaindia/Desktop/Proyectos/psych-billing-app
Tiempo: miércoles, 27 de mayo de 2026, 09:33:04 CEST
❌ ANÁLISIS FALLIDO: psych-billing-app

⏱️  Esperando 3 segundos antes del siguiente proyecto...
=== ANALIZANDO PROYECTO: Trader LSTM ===
Ruta: /Users/hugoonaindia/Desktop/Proyectos/Trader LSTM
Tiempo: miércoles, 27 de mayo de 2026, 09:33:08 CEST
❌ ANÁLISIS FALLIDO: Trader LSTM

⏱️  Esperando 3 segundos antes del siguiente proyecto...
=== ANALIZANDO PROYECTO: trader supersimple ===
Ruta: /Users/hugoonaindia/Desktop/Proyectos/trader supersimple
Tiempo: miércoles, 27 de mayo de 2026, 09:33:12 CEST
❌ ANÁLISIS FALLIDO: trader supersimple

⏱️  Esperando 3 segundos antes del siguiente proyecto...
=== ANALIZANDO PROYECTO: ayuda programacion ===
Ruta: /Users/hugoonaindia/Desktop/Proyectos/ayuda programacion
Tiempo: miércoles, 27 de mayo de 2026, 09:33:16 CEST
❌ ANÁLISIS FALLIDO: ayuda programacion

⏱️  Esperando 3 segundos antes del siguiente proyecto...
=== ANALIZANDO PROYECTO: archivex synch ===
Ruta: /Users/hugoonaindia/Desktop/Proyectos/archivex synch
Tiempo: miércoles, 27 de mayo de 2026, 09:33:20 CEST
❌ ANÁLISIS FALLIDO: archivex synch

⏱️  Esperando 3 segundos antes del siguiente proyecto...
=== ANALIZANDO PROYECTO: artefacto pacientes ===
Ruta: /Users/hugoonaindia/Desktop/Proyectos/artefacto pacientes
Tiempo: miércoles, 27 de mayo de 2026, 09:33:24 CEST
❌ ANÁLISIS FALLIDO: artefacto pacientes

⏱️  Esperando 3 segundos antes del siguiente proyecto...
=== ANALIZANDO PROYECTO: RObot gmail ===
Ruta: /Users/hugoonaindia/Desktop/Proyectos/RObot gmail
Tiempo: miércoles, 27 de mayo de 2026, 09:33:28 CEST
❌ ANÁLISIS FALLIDO: RObot gmail

⏱️  Esperando 3 segundos antes del siguiente proyecto...
=== ANALIZANDO PROYECTO: recursos gratis psicologia ===
Ruta: /Users/hugoonaindia/Desktop/Proyectos/recursos gratis psicologia
Tiempo: miércoles, 27 de mayo de 2026, 09:33:31 CEST
❌ ANÁLISIS FALLIDO: recursos gratis psicologia

⏱️  Esperando 3 segundos antes del siguiente proyecto...

=== RESUMEN FINAL ===
Total de proyectos: 10
Analizados exitosamente: 0
Con errores: 10
Correcciones automáticas: 0
Finalizado: miércoles, 27 de mayo de 2026, 09:33:35 CEST
