=== INICIO: TAREAS NOCTURNAS UNIFICADAS (20260528_082236) ===
[2026-05-28 08:22:36] 🚀 Iniciando Refactorización Iterativa Autónoma...
[2026-05-28 08:22:36] ⚠️ Script de refactorización no encontrado, omitiendo
[2026-05-28 08:22:36] 💾 Iniciando Backup de Hermes...
[2026-05-28 08:22:36] ✅ Backup completado: /Users/hugoonaindia/Documents/obsidian vault/Base de datos general/Hermes_Backup/Hermes_Backup_2026-05-28_08-22-36
[2026-05-28 08:22:36] 🔍 Iniciando verificación de proyectos...
[2026-05-28 08:22:36] ✅ Proyecto encontrado: LSTM RL
[2026-05-28 08:22:36]   📋 requirements.txt presente
[2026-05-28 08:22:36]   🧪 Tests presentes
[2026-05-28 08:22:36] ✅ Proyecto encontrado: trader supersimple
[2026-05-28 08:22:36]   ⚠️ requirements.txt no encontrado
[2026-05-28 08:22:36]   🧪 Tests presentes
[2026-05-28 08:22:36] ✅ Proyecto encontrado: psych-billing-app
[2026-05-28 08:22:36]   📋 requirements.txt presente
[2026-05-28 08:22:36]   🧪 Tests presentes
[2026-05-28 08:22:36] ✅ Proyecto encontrado: equilibria
[2026-05-28 08:22:36]   📋 requirements.txt presente
[2026-05-28 08:22:36]   🧪 Tests presentes
[2026-05-28 08:22:36] ✅ Proyecto encontrado: ayuda programacion
[2026-05-28 08:22:36]   ⚠️ requirements.txt no encontrado
[2026-05-28 08:22:36]   🧪 Tests presentes
[2026-05-28 08:22:36] 🧹 Iniciando limpieza de logs antiguos...
[2026-05-28 08:22:36] ✅ Logs antiguos limpiados
=== FIN: TAREAS NOCTURNAS UNIFICADAS ===
📄 Reporte final: /Users/hugoonaindia/Desktop/Proyectos/logs/nightly_master_report_20260528_082236.md
